<?xml version="1.0" encoding="UTF-8"?>
<!-- Generated by org.testng.reporters.JUnitReportReporter -->
<testsuite hostname="Latitude-3490" name="example.NewTest" tests="1" failures="0" timestamp="6 Jul 2020 09:53:58 GMT" time="0.006" errors="0">
  <testcase name="f" time="0.006" classname="example.NewTest"/>
</testsuite> <!-- example.NewTest -->
